Flow report for SDRreceiver
Fri Sep 08 14:26:29 2017
Quartus II 64-Bit Version 13.1.0 Build 162 10/23/2013 SJ Full Version


---------------------
; Table of Contents ;
---------------------
  1. Legal Notice
  2. Flow Summary
  3. Flow Settings
  4. Flow Non-Default Global Settings
  5. Flow Elapsed Time
  6. Flow OS Summary
  7. Flow Log
  8. Flow Messages
  9. Flow Suppressed Messages



----------------
; Legal Notice ;
----------------
Copyright (C) 1991-2013 Altera Corporation
Your use of Altera Corporation's design tools, logic functions 
and other software and tools, and its AMPP partner logic 
functions, and any output files from any of the foregoing 
(including device programming or simulation files), and any 
associated documentation or information are expressly subject 
to the terms and conditions of the Altera Program License 
Subscription Agreement, Altera MegaCore Function License 
Agreement, or other applicable license agreement, including, 
without limitation, that your use is for the sole purpose of 
programming logic devices manufactured by Altera and sold by 
Altera or its authorized distributors.  Please refer to the 
applicable agreement for further details.



+----------------------------------------------------------------------------------+
; Flow Summary                                                                     ;
+------------------------------------+---------------------------------------------+
; Flow Status                        ; Successful - Fri Sep 08 14:26:29 2017       ;
; Quartus II 64-Bit Version          ; 13.1.0 Build 162 10/23/2013 SJ Full Version ;
; Revision Name                      ; SDRreceiver                                 ;
; Top-level Entity Name              ; SDRreceiver                                 ;
; Family                             ; Cyclone IV E                                ;
; Device                             ; EP4CE22F17C6                                ;
; Timing Models                      ; Final                                       ;
; Total logic elements               ; 4,651 / 22,320 ( 21 % )                     ;
;     Total combinational functions  ; 2,353 / 22,320 ( 11 % )                     ;
;     Dedicated logic registers      ; 4,579 / 22,320 ( 21 % )                     ;
; Total registers                    ; 4579                                        ;
; Total pins                         ; 19 / 154 ( 12 % )                           ;
; Total virtual pins                 ; 0                                           ;
; Total memory bits                  ; 378 / 608,256 ( < 1 % )                     ;
; Embedded Multiplier 9-bit elements ; 48 / 132 ( 36 % )                           ;
; Total PLLs                         ; 1 / 4 ( 25 % )                              ;
+------------------------------------+---------------------------------------------+


+-----------------------------------------+
; Flow Settings                           ;
+-------------------+---------------------+
; Option            ; Setting             ;
+-------------------+---------------------+
; Start date & time ; 09/08/2017 14:25:04 ;
; Main task         ; Compilation         ;
; Revision Name     ; SDRreceiver         ;
+-------------------+---------------------+


+------------------------------------------------------------------------------------------------------------------------------------------------------------------------+
; Flow Non-Default Global Settings                                                                                                                                       ;
+------------------------------------------------+------------------------------------------------------------------------+---------------+-------------+----------------+
; Assignment Name                                ; Value                                                                  ; Default Value ; Entity Name ; Section Id     ;
+------------------------------------------------+------------------------------------------------------------------------+---------------+-------------+----------------+
; COMPILER_SIGNATURE_ID                          ; 1097084021821.150485190400964                                          ; --            ; --          ; --             ;
; EDA_DESIGN_INSTANCE_NAME                       ; NA                                                                     ; --            ; --          ; --             ;
; EDA_NATIVELINK_PORTABLE_FILE_PATHS             ; On                                                                     ; --            ; --          ; eda_simulation ;
; EDA_NATIVELINK_SIMULATION_TEST_BENCH           ; SDRreceiver                                                            ; --            ; --          ; eda_simulation ;
; EDA_OUTPUT_DATA_FORMAT                         ; Verilog Hdl                                                            ; --            ; --          ; eda_simulation ;
; EDA_SIMULATION_TOOL                            ; ModelSim (Verilog)                                                     ; <None>        ; --          ; --             ;
; EDA_TEST_BENCH_ENABLE_STATUS                   ; TEST_BENCH_MODE                                                        ; --            ; --          ; eda_simulation ;
; EDA_TEST_BENCH_FILE                            ; simulation/modelsim/SDRreceiver.vt                                     ; --            ; --          ; --             ;
; EDA_TEST_BENCH_MODULE_NAME                     ; SDRreceiver_vlg_tst                                                    ; --            ; --          ; --             ;
; EDA_TEST_BENCH_NAME                            ; SDRreceiver                                                            ; --            ; --          ; eda_simulation ;
; EDA_TIME_SCALE                                 ; 1 ns                                                                   ; --            ; --          ; eda_simulation ;
; EDA_USER_COMPILED_SIMULATION_LIBRARY_DIRECTORY ; D:\software\modeltech_10.1a\mylibrary                                  ; --            ; --          ; eda_simulation ;
; IP_TOOL_ENV                                    ; mwpim                                                                  ; --            ; mfir        ; --             ;
; IP_TOOL_ENV                                    ; mwpim                                                                  ; --            ; mfir        ; --             ;
; IP_TOOL_ENV                                    ; mwpim                                                                  ; --            ; mfir_0002   ; --             ;
; IP_TOOL_NAME                                   ; ALTPLL                                                                 ; --            ; --          ; --             ;
; IP_TOOL_NAME                                   ; NCO                                                                    ; --            ; --          ; --             ;
; IP_TOOL_NAME                                   ; CIC                                                                    ; --            ; --          ; --             ;
; IP_TOOL_NAME                                   ; altera_fir_compiler_ii                                                 ; --            ; mfir        ; --             ;
; IP_TOOL_NAME                                   ; altera_fir_compiler_ii                                                 ; --            ; mfir        ; --             ;
; IP_TOOL_NAME                                   ; altera_fir_compiler_ii                                                 ; --            ; mfir_0002   ; --             ;
; IP_TOOL_VERSION                                ; 13.1                                                                   ; --            ; --          ; --             ;
; IP_TOOL_VERSION                                ; 13.1                                                                   ; --            ; --          ; --             ;
; IP_TOOL_VERSION                                ; 13.1                                                                   ; --            ; --          ; --             ;
; IP_TOOL_VERSION                                ; 13.1                                                                   ; --            ; mfir        ; --             ;
; IP_TOOL_VERSION                                ; 13.1                                                                   ; --            ; mfir        ; --             ;
; IP_TOOL_VERSION                                ; 13.1                                                                   ; --            ; mfir_0002   ; --             ;
; MAX_CORE_JUNCTION_TEMP                         ; 85                                                                     ; --            ; --          ; --             ;
; MIN_CORE_JUNCTION_TEMP                         ; 0                                                                      ; --            ; --          ; --             ;
; MISC_FILE                                      ; mpll.bsf                                                               ; --            ; --          ; --             ;
; MISC_FILE                                      ; mpll_inst.v                                                            ; --            ; --          ; --             ;
; MISC_FILE                                      ; mpll_bb.v                                                              ; --            ; --          ; --             ;
; MISC_FILE                                      ; mpll.cmp                                                               ; --            ; --          ; --             ;
; MISC_FILE                                      ; mpll.ppf                                                               ; --            ; --          ; --             ;
; MISC_FILE                                      ; nco-library/asj_altq.v                                                 ; --            ; --          ; --             ;
; MISC_FILE                                      ; nco-library/asj_altqmcash.v                                            ; --            ; --          ; --             ;
; MISC_FILE                                      ; nco-library/asj_altqmcpipe.v                                           ; --            ; --          ; --             ;
; MISC_FILE                                      ; nco-library/asj_altqmcpipe_rst.v                                       ; --            ; --          ; --             ;
; MISC_FILE                                      ; nco-library/asj_crd.v                                                  ; --            ; --          ; --             ;
; MISC_FILE                                      ; nco-library/asj_crs.v                                                  ; --            ; --          ; --             ;
; MISC_FILE                                      ; nco-library/asj_dxx.v                                                  ; --            ; --          ; --             ;
; MISC_FILE                                      ; nco-library/asj_dxx_g.v                                                ; --            ; --          ; --             ;
; MISC_FILE                                      ; nco-library/asj_gal.v                                                  ; --            ; --          ; --             ;
; MISC_FILE                                      ; nco-library/asj_gam.v                                                  ; --            ; --          ; --             ;
; MISC_FILE                                      ; nco-library/asj_gam_dp.v                                               ; --            ; --          ; --             ;
; MISC_FILE                                      ; nco-library/asj_gar.v                                                  ; --            ; --          ; --             ;
; MISC_FILE                                      ; nco-library/asj_nco_aprid_dxx.v                                        ; --            ; --          ; --             ;
; MISC_FILE                                      ; nco-library/asj_nco_apr_dxx.v                                          ; --            ; --          ; --             ;
; MISC_FILE                                      ; nco-library/asj_nco_as_m.v                                             ; --            ; --          ; --             ;
; MISC_FILE                                      ; nco-library/asj_nco_as_m_cen.v                                         ; --            ; --          ; --             ;
; MISC_FILE                                      ; nco-library/asj_nco_as_m_dp.v                                          ; --            ; --          ; --             ;
; MISC_FILE                                      ; nco-library/asj_nco_as_m_dp_cen.v                                      ; --            ; --          ; --             ;
; MISC_FILE                                      ; nco-library/asj_nco_d1gam.v                                            ; --            ; --          ; --             ;
; MISC_FILE                                      ; nco-library/asj_nco_derot.v                                            ; --            ; --          ; --             ;
; MISC_FILE                                      ; nco-library/asj_nco_fxx.v                                              ; --            ; --          ; --             ;
; MISC_FILE                                      ; nco-library/asj_nco_isdr.v                                             ; --            ; --          ; --             ;
; MISC_FILE                                      ; nco-library/asj_nco_isdr_mc.v                                          ; --            ; --          ; --             ;
; MISC_FILE                                      ; nco-library/asj_nco_isdr_throughput2.v                                 ; --            ; --          ; --             ;
; MISC_FILE                                      ; nco-library/asj_nco_lp_m.v                                             ; --            ; --          ; --             ;
; MISC_FILE                                      ; nco-library/asj_nco_m.v                                                ; --            ; --          ; --             ;
; MISC_FILE                                      ; nco-library/asj_nco_madx.v                                             ; --            ; --          ; --             ;
; MISC_FILE                                      ; nco-library/asj_nco_madx_cen.v                                         ; --            ; --          ; --             ;
; MISC_FILE                                      ; nco-library/asj_nco_mady.v                                             ; --            ; --          ; --             ;
; MISC_FILE                                      ; nco-library/asj_nco_mady_cen.v                                         ; --            ; --          ; --             ;
; MISC_FILE                                      ; nco-library/asj_nco_mcin.v                                             ; --            ; --          ; --             ;
; MISC_FILE                                      ; nco-library/asj_nco_mciosel.v                                          ; --            ; --          ; --             ;
; MISC_FILE                                      ; nco-library/asj_nco_mcout.v                                            ; --            ; --          ; --             ;
; MISC_FILE                                      ; nco-library/asj_nco_mob_rw.v                                           ; --            ; --          ; --             ;
; MISC_FILE                                      ; nco-library/asj_nco_mob_sw.v                                           ; --            ; --          ; --             ;
; MISC_FILE                                      ; nco-library/asj_nco_mob_w.v                                            ; --            ; --          ; --             ;
; MISC_FILE                                      ; nco-library/asj_nco_pmd2.v                                             ; --            ; --          ; --             ;
; MISC_FILE                                      ; nco-library/asj_nco_pmd2gam.v                                          ; --            ; --          ; --             ;
; MISC_FILE                                      ; nco-library/asj_nco_pxx.v                                              ; --            ; --          ; --             ;
; MISC_FILE                                      ; nco-library/asj_xnqg.v                                                 ; --            ; --          ; --             ;
; MISC_FILE                                      ; nco-library/auk_dspip_avalon_streaming_block_sink.vhd                  ; --            ; --          ; --             ;
; MISC_FILE                                      ; nco-library/auk_dspip_avalon_streaming_block_sink_fftfprvs.vhd         ; --            ; --          ; --             ;
; MISC_FILE                                      ; nco-library/auk_dspip_avalon_streaming_block_source.vhd                ; --            ; --          ; --             ;
; MISC_FILE                                      ; nco-library/auk_dspip_avalon_streaming_controller.vhd                  ; --            ; --          ; --             ;
; MISC_FILE                                      ; nco-library/auk_dspip_avalon_streaming_controller_pe.vhd               ; --            ; --          ; --             ;
; MISC_FILE                                      ; nco-library/auk_dspip_avalon_streaming_sink.vhd                        ; --            ; --          ; --             ;
; MISC_FILE                                      ; nco-library/auk_dspip_avalon_streaming_source.vhd                      ; --            ; --          ; --             ;
; MISC_FILE                                      ; nco-library/auk_dspip_delay.vhd                                        ; --            ; --          ; --             ;
; MISC_FILE                                      ; nco-library/auk_dspip_lib_pkg.vhd                                      ; --            ; --          ; --             ;
; MISC_FILE                                      ; nco-library/auk_dspip_math_pkg.vhd                                     ; --            ; --          ; --             ;
; MISC_FILE                                      ; nco-library/auk_dspip_text_pkg.vhd                                     ; --            ; --          ; --             ;
; MISC_FILE                                      ; nco-library/cordic_10_m.v                                              ; --            ; --          ; --             ;
; MISC_FILE                                      ; nco-library/cordic_11_m.v                                              ; --            ; --          ; --             ;
; MISC_FILE                                      ; nco-library/cordic_12_m.v                                              ; --            ; --          ; --             ;
; MISC_FILE                                      ; nco-library/cordic_13_m.v                                              ; --            ; --          ; --             ;
; MISC_FILE                                      ; nco-library/cordic_14_m.v                                              ; --            ; --          ; --             ;
; MISC_FILE                                      ; nco-library/cordic_15_m.v                                              ; --            ; --          ; --             ;
; MISC_FILE                                      ; nco-library/cordic_16_m.v                                              ; --            ; --          ; --             ;
; MISC_FILE                                      ; nco-library/cordic_17_m.v                                              ; --            ; --          ; --             ;
; MISC_FILE                                      ; nco-library/cordic_18_m.v                                              ; --            ; --          ; --             ;
; MISC_FILE                                      ; nco-library/cordic_19_m.v                                              ; --            ; --          ; --             ;
; MISC_FILE                                      ; nco-library/cordic_20_m.v                                              ; --            ; --          ; --             ;
; MISC_FILE                                      ; nco-library/cordic_21_m.v                                              ; --            ; --          ; --             ;
; MISC_FILE                                      ; nco-library/cordic_22_m.v                                              ; --            ; --          ; --             ;
; MISC_FILE                                      ; nco-library/cordic_23_m.v                                              ; --            ; --          ; --             ;
; MISC_FILE                                      ; nco-library/cordic_24_m.v                                              ; --            ; --          ; --             ;
; MISC_FILE                                      ; nco-library/cordic_25_m.v                                              ; --            ; --          ; --             ;
; MISC_FILE                                      ; nco-library/cordic_26_m.v                                              ; --            ; --          ; --             ;
; MISC_FILE                                      ; nco-library/cordic_27_m.v                                              ; --            ; --          ; --             ;
; MISC_FILE                                      ; nco-library/cordic_28_m.v                                              ; --            ; --          ; --             ;
; MISC_FILE                                      ; nco-library/cordic_29_m.v                                              ; --            ; --          ; --             ;
; MISC_FILE                                      ; nco-library/cordic_30_m.v                                              ; --            ; --          ; --             ;
; MISC_FILE                                      ; nco-library/cordic_31_m.v                                              ; --            ; --          ; --             ;
; MISC_FILE                                      ; nco-library/cordic_32_m.v                                              ; --            ; --          ; --             ;
; MISC_FILE                                      ; nco-library/cordic_3_m.v                                               ; --            ; --          ; --             ;
; MISC_FILE                                      ; nco-library/cordic_4_m.v                                               ; --            ; --          ; --             ;
; MISC_FILE                                      ; nco-library/cordic_5_m.v                                               ; --            ; --          ; --             ;
; MISC_FILE                                      ; nco-library/cordic_6_m.v                                               ; --            ; --          ; --             ;
; MISC_FILE                                      ; nco-library/cordic_7_m.v                                               ; --            ; --          ; --             ;
; MISC_FILE                                      ; nco-library/cordic_8_m.v                                               ; --            ; --          ; --             ;
; MISC_FILE                                      ; nco-library/cordic_9_m.v                                               ; --            ; --          ; --             ;
; MISC_FILE                                      ; nco-library/cordic_axor_0p_lpm.v                                       ; --            ; --          ; --             ;
; MISC_FILE                                      ; nco-library/cordic_axor_1p_lpm.v                                       ; --            ; --          ; --             ;
; MISC_FILE                                      ; nco-library/cordic_axor_2p_lpm.v                                       ; --            ; --          ; --             ;
; MISC_FILE                                      ; nco-library/cordic_axor_ser.v                                          ; --            ; --          ; --             ;
; MISC_FILE                                      ; nco-library/cordic_cnt.v                                               ; --            ; --          ; --             ;
; MISC_FILE                                      ; nco-library/cordic_cnt_sig.v                                           ; --            ; --          ; --             ;
; MISC_FILE                                      ; nco-library/cordic_reg_ser.v                                           ; --            ; --          ; --             ;
; MISC_FILE                                      ; nco-library/cordic_sxor_0p_lpm.v                                       ; --            ; --          ; --             ;
; MISC_FILE                                      ; nco-library/cordic_sxor_1p_lpm.v                                       ; --            ; --          ; --             ;
; MISC_FILE                                      ; nco-library/cordic_sxor_2p_lpm.v                                       ; --            ; --          ; --             ;
; MISC_FILE                                      ; nco-library/cordic_sxor_ser.v                                          ; --            ; --          ; --             ;
; MISC_FILE                                      ; nco-library/cordic_zxor_0p_lpm.v                                       ; --            ; --          ; --             ;
; MISC_FILE                                      ; nco-library/cordic_zxor_1p_lpm.v                                       ; --            ; --          ; --             ;
; MISC_FILE                                      ; nco-library/cordic_zxor_2p_lpm.v                                       ; --            ; --          ; --             ;
; MISC_FILE                                      ; nco-library/cordic_zxor_ser.v                                          ; --            ; --          ; --             ;
; MISC_FILE                                      ; nco-library/cord_2c.v                                                  ; --            ; --          ; --             ;
; MISC_FILE                                      ; nco-library/cord_acc_ena.v                                             ; --            ; --          ; --             ;
; MISC_FILE                                      ; nco-library/cord_en.v                                                  ; --            ; --          ; --             ;
; MISC_FILE                                      ; nco-library/cord_fs.v                                                  ; --            ; --          ; --             ;
; MISC_FILE                                      ; nco-library/cord_init.v                                                ; --            ; --          ; --             ;
; MISC_FILE                                      ; nco-library/cord_init_pm.v                                             ; --            ; --          ; --             ;
; MISC_FILE                                      ; nco-library/cord_init_ser.v                                            ; --            ; --          ; --             ;
; MISC_FILE                                      ; nco-library/cord_init_ser_pm.v                                         ; --            ; --          ; --             ;
; MISC_FILE                                      ; nco-library/cord_lut.v                                                 ; --            ; --          ; --             ;
; MISC_FILE                                      ; nco-library/cord_lut_1p.v                                              ; --            ; --          ; --             ;
; MISC_FILE                                      ; nco-library/cord_rot_dual.v                                            ; --            ; --          ; --             ;
; MISC_FILE                                      ; nco-library/cord_rot_sgl.v                                             ; --            ; --          ; --             ;
; MISC_FILE                                      ; nco-library/cord_seg_sel.v                                             ; --            ; --          ; --             ;
; MISC_FILE                                      ; nco-library/dop_reg.v                                                  ; --            ; --          ; --             ;
; MISC_FILE                                      ; nco-library/freq_sel_st.v                                              ; --            ; --          ; --             ;
; MISC_FILE                                      ; nco-library/las.v                                                      ; --            ; --          ; --             ;
; MISC_FILE                                      ; nco-library/lms.v                                                      ; --            ; --          ; --             ;
; MISC_FILE                                      ; nco-library/lmsd.v                                                     ; --            ; --          ; --             ;
; MISC_FILE                                      ; nco-library/mac_i_lpm.v                                                ; --            ; --          ; --             ;
; MISC_FILE                                      ; nco-library/mac_i_lpmd.v                                               ; --            ; --          ; --             ;
; MISC_FILE                                      ; nco-library/m_output_blk_reg.v                                         ; --            ; --          ; --             ;
; MISC_FILE                                      ; nco-library/m_output_blk_rw.v                                          ; --            ; --          ; --             ;
; MISC_FILE                                      ; nco-library/m_output_blk_w.v                                           ; --            ; --          ; --             ;
; MISC_FILE                                      ; nco-library/segment_arr_tdl.v                                          ; --            ; --          ; --             ;
; MISC_FILE                                      ; nco-library/segment_sel.v                                              ; --            ; --          ; --             ;
; MISC_FILE                                      ; nco-library/segment_sel_sgl.v                                          ; --            ; --          ; --             ;
; MISC_FILE                                      ; nco-library/sid_2c_1p.v                                                ; --            ; --          ; --             ;
; MISC_FILE                                      ; nco-library/sop_reg.v                                                  ; --            ; --          ; --             ;
; MISC_FILE                                      ; mnco.v                                                                 ; --            ; --          ; --             ;
; MISC_FILE                                      ; mnco_bb.v                                                              ; --            ; --          ; --             ;
; MISC_FILE                                      ; mnco.bsf                                                               ; --            ; --          ; --             ;
; MISC_FILE                                      ; mnco.vo                                                                ; --            ; --          ; --             ;
; MISC_FILE                                      ; mnco_st.v                                                              ; --            ; --          ; --             ;
; MISC_FILE                                      ; mnco_tb.v                                                              ; --            ; --          ; --             ;
; MISC_FILE                                      ; mnco_vo_msim.tcl                                                       ; --            ; --          ; --             ;
; MISC_FILE                                      ; mnco_wave.do                                                           ; --            ; --          ; --             ;
; MISC_FILE                                      ; mnco_model.m                                                           ; --            ; --          ; --             ;
; MISC_FILE                                      ; mnco_tb.m                                                              ; --            ; --          ; --             ;
; MISC_FILE                                      ; mnco.vec                                                               ; --            ; --          ; --             ;
; MISC_FILE                                      ; mnco_nativelink.tcl                                                    ; --            ; --          ; --             ;
; MISC_FILE                                      ; mnco.qip                                                               ; --            ; --          ; --             ;
; MISC_FILE                                      ; mnco.html                                                              ; --            ; --          ; --             ;
; MISC_FILE                                      ; cic-library/auk_dspip_avalon_streaming_block_sink_cic_131.vhd          ; --            ; --          ; --             ;
; MISC_FILE                                      ; cic-library/auk_dspip_avalon_streaming_block_sink_fftfprvs_cic_131.vhd ; --            ; --          ; --             ;
; MISC_FILE                                      ; cic-library/auk_dspip_avalon_streaming_block_source_cic_131.vhd        ; --            ; --          ; --             ;
; MISC_FILE                                      ; cic-library/auk_dspip_avalon_streaming_controller_cic_131.vhd          ; --            ; --          ; --             ;
; MISC_FILE                                      ; cic-library/auk_dspip_avalon_streaming_controller_pe_cic_131.vhd       ; --            ; --          ; --             ;
; MISC_FILE                                      ; cic-library/auk_dspip_avalon_streaming_sink_cic_131.vhd                ; --            ; --          ; --             ;
; MISC_FILE                                      ; cic-library/auk_dspip_avalon_streaming_source_cic_131.vhd              ; --            ; --          ; --             ;
; MISC_FILE                                      ; cic-library/auk_dspip_cic_lib_pkg_cic_131.vhd                          ; --            ; --          ; --             ;
; MISC_FILE                                      ; cic-library/auk_dspip_delay_cic_131.vhd                                ; --            ; --          ; --             ;
; MISC_FILE                                      ; cic-library/auk_dspip_differentiator_cic_131.vhd                       ; --            ; --          ; --             ;
; MISC_FILE                                      ; cic-library/auk_dspip_downsample_cic_131.vhd                           ; --            ; --          ; --             ;
; MISC_FILE                                      ; cic-library/auk_dspip_fastaddsub_cic_131.vhd                           ; --            ; --          ; --             ;
; MISC_FILE                                      ; cic-library/auk_dspip_fastadd_cic_131.vhd                              ; --            ; --          ; --             ;
; MISC_FILE                                      ; cic-library/auk_dspip_integrator_cic_131.vhd                           ; --            ; --          ; --             ;
; MISC_FILE                                      ; cic-library/auk_dspip_lib_pkg_cic_131.vhd                              ; --            ; --          ; --             ;
; MISC_FILE                                      ; cic-library/auk_dspip_math_pkg_cic_131.vhd                             ; --            ; --          ; --             ;
; MISC_FILE                                      ; cic-library/auk_dspip_pipelined_adder_cic_131.vhd                      ; --            ; --          ; --             ;
; MISC_FILE                                      ; cic-library/auk_dspip_roundsat_cic_131.vhd                             ; --            ; --          ; --             ;
; MISC_FILE                                      ; cic-library/auk_dspip_text_pkg_cic_131.vhd                             ; --            ; --          ; --             ;
; MISC_FILE                                      ; cic-library/auk_dspip_upsample_cic_131.vhd                             ; --            ; --          ; --             ;
; MISC_FILE                                      ; cic-library/auk_dspip_variable_downsample_cic_131.vhd                  ; --            ; --          ; --             ;
; MISC_FILE                                      ; mcic_cic.vhd                                                           ; --            ; --          ; --             ;
; MISC_FILE                                      ; mcic_quartus.tcl                                                       ; --            ; --          ; --             ;
; MISC_FILE                                      ; mcic_fir_comp_coeff.m                                                  ; --            ; --          ; --             ;
; MISC_FILE                                      ; mcic_input.txt                                                         ; --            ; --          ; --             ;
; MISC_FILE                                      ; mcic_nativelink.tcl                                                    ; --            ; --          ; --             ;
; MISC_FILE                                      ; mcic_tb.v                                                              ; --            ; --          ; --             ;
; MISC_FILE                                      ; mcic.v                                                                 ; --            ; --          ; --             ;
; MISC_FILE                                      ; mcic_bb.v                                                              ; --            ; --          ; --             ;
; MISC_FILE                                      ; mcic.cmp                                                               ; --            ; --          ; --             ;
; MISC_FILE                                      ; mcic.bsf                                                               ; --            ; --          ; --             ;
; MISC_FILE                                      ; mcic.vo                                                                ; --            ; --          ; --             ;
; MISC_FILE                                      ; mcic.qip                                                               ; --            ; --          ; --             ;
; MISC_FILE                                      ; mcic.html                                                              ; --            ; --          ; --             ;
; MISC_FILE                                      ; mfir.cmp                                                               ; --            ; --          ; --             ;
; MISC_FILE                                      ; mfir_sim/altera_avalon_sc_fifo.v                                       ; --            ; --          ; --             ;
; MISC_FILE                                      ; mfir_sim/auk_dspip_math_pkg_hpfir.vhd                                  ; --            ; --          ; --             ;
; MISC_FILE                                      ; mfir_sim/auk_dspip_lib_pkg_hpfir.vhd                                   ; --            ; --          ; --             ;
; MISC_FILE                                      ; mfir_sim/auk_dspip_avalon_streaming_controller_hpfir.vhd               ; --            ; --          ; --             ;
; MISC_FILE                                      ; mfir_sim/auk_dspip_avalon_streaming_sink_hpfir.vhd                     ; --            ; --          ; --             ;
; MISC_FILE                                      ; mfir_sim/auk_dspip_avalon_streaming_source_hpfir.vhd                   ; --            ; --          ; --             ;
; MISC_FILE                                      ; mfir_sim/auk_dspip_roundsat_hpfir.vhd                                  ; --            ; --          ; --             ;
; MISC_FILE                                      ; mfir_sim/dspba_library_package.vhd                                     ; --            ; --          ; --             ;
; MISC_FILE                                      ; mfir_sim/dspba_library.vhd                                             ; --            ; --          ; --             ;
; MISC_FILE                                      ; mfir_sim/mfir_rtl.vhd                                                  ; --            ; --          ; --             ;
; MISC_FILE                                      ; mfir_sim/mfir_ast.vhd                                                  ; --            ; --          ; --             ;
; MISC_FILE                                      ; mfir_sim/mfir.vhd                                                      ; --            ; --          ; --             ;
; MISC_FILE                                      ; mfir_sim/mfir_nativelink.tcl                                           ; --            ; --          ; --             ;
; MISC_FILE                                      ; mfir_sim/mfir_msim.tcl                                                 ; --            ; --          ; --             ;
; MISC_FILE                                      ; mfir_sim/mfir_tb.vhd                                                   ; --            ; --          ; --             ;
; MISC_FILE                                      ; mfir_sim/mfir_mlab.m                                                   ; --            ; --          ; --             ;
; MISC_FILE                                      ; mfir_sim/mfir_model.m                                                  ; --            ; --          ; --             ;
; MISC_FILE                                      ; mfir_sim/mfir_coef_int.txt                                             ; --            ; --          ; --             ;
; MISC_FILE                                      ; mfir_sim/mfir_input.txt                                                ; --            ; --          ; --             ;
; MISC_FILE                                      ; mfir_sim/mfir_param.txt                                                ; --            ; --          ; --             ;
; NOMINAL_CORE_SUPPLY_VOLTAGE                    ; 1.2V                                                                   ; --            ; --          ; --             ;
; PARTITION_COLOR                                ; 16764057                                                               ; --            ; --          ; Top            ;
; PARTITION_FITTER_PRESERVATION_LEVEL            ; PLACEMENT_AND_ROUTING                                                  ; --            ; --          ; Top            ;
; PARTITION_NETLIST_TYPE                         ; SOURCE                                                                 ; --            ; --          ; Top            ;
; POWER_BOARD_THERMAL_MODEL                      ; None (CONSERVATIVE)                                                    ; --            ; --          ; --             ;
; POWER_PRESET_COOLING_SOLUTION                  ; 23 MM HEAT SINK WITH 200 LFPM AIRFLOW                                  ; --            ; --          ; --             ;
; PROJECT_OUTPUT_DIRECTORY                       ; output_files                                                           ; --            ; --          ; --             ;
; SEARCH_PATH                                    ; .                                                                      ; --            ; --          ; --             ;
; SEARCH_PATH                                    ; nco-library                                                            ; --            ; --          ; --             ;
; SEARCH_PATH                                    ; .                                                                      ; --            ; --          ; --             ;
; SEARCH_PATH                                    ; cic-library                                                            ; --            ; --          ; --             ;
; SPD_FILE                                       ; mfir.spd                                                               ; --            ; --          ; --             ;
; SYNTHESIS_ONLY_QIP                             ; On                                                                     ; --            ; --          ; --             ;
+------------------------------------------------+------------------------------------------------------------------------+---------------+-------------+----------------+


+-------------------------------------------------------------------------------------------------------------------------------+
; Flow Elapsed Time                                                                                                             ;
+---------------------------+--------------+-------------------------+---------------------+------------------------------------+
; Module Name               ; Elapsed Time ; Average Processors Used ; Peak Virtual Memory ; Total CPU Time (on all processors) ;
+---------------------------+--------------+-------------------------+---------------------+------------------------------------+
; Analysis & Synthesis      ; 00:00:22     ; 1.0                     ; 609 MB              ; 00:00:15                           ;
; Fitter                    ; 00:00:33     ; 1.1                     ; 1050 MB             ; 00:00:29                           ;
; Assembler                 ; 00:00:03     ; 1.0                     ; 477 MB              ; 00:00:02                           ;
; TimeQuest Timing Analyzer ; 00:00:05     ; 1.0                     ; 590 MB              ; 00:00:06                           ;
; EDA Netlist Writer        ; 00:00:08     ; 1.0                     ; 464 MB              ; 00:00:07                           ;
; Total                     ; 00:01:11     ; --                      ; --                  ; 00:00:59                           ;
+---------------------------+--------------+-------------------------+---------------------+------------------------------------+


+----------------------------------------------------------------------------------------+
; Flow OS Summary                                                                        ;
+---------------------------+------------------+-----------+------------+----------------+
; Module Name               ; Machine Hostname ; OS Name   ; OS Version ; Processor type ;
+---------------------------+------------------+-----------+------------+----------------+
; Analysis & Synthesis      ; lmj-PC           ; Windows 7 ; 6.1        ; x86_64         ;
; Fitter                    ; lmj-PC           ; Windows 7 ; 6.1        ; x86_64         ;
; Assembler                 ; lmj-PC           ; Windows 7 ; 6.1        ; x86_64         ;
; TimeQuest Timing Analyzer ; lmj-PC           ; Windows 7 ; 6.1        ; x86_64         ;
; EDA Netlist Writer        ; lmj-PC           ; Windows 7 ; 6.1        ; x86_64         ;
+---------------------------+------------------+-----------+------------+----------------+


------------
; Flow Log ;
------------
quartus_map --read_settings_files=on --write_settings_files=off SDRreceiver -c SDRreceiver
quartus_fit --read_settings_files=off --write_settings_files=off SDRreceiver -c SDRreceiver
quartus_asm --read_settings_files=off --write_settings_files=off SDRreceiver -c SDRreceiver
quartus_sta SDRreceiver -c SDRreceiver
quartus_eda --read_settings_files=off --write_settings_files=off SDRreceiver -c SDRreceiver



